<?xml version="1.0" encoding="UTF-8"?>
<!-- Generated by org.testng.reporters.JUnitXMLReporter -->
<testsuite ignored="0" hostname="DESKTOP-U1E5492" failures="1" tests="1" name="Add Customer Test" time="0.013" errors="0" timestamp="15 Jun 2020 19:06:25 GMT">
  <testcase classname="com.martin.testcases.AddCustomerTest" name="addCustomer" time="0.01">
    <failure type="org.testng.internal.reflect.MethodMatcherException" message="
Data provider mismatch
Method: addCustomer([Parameter{index=0, type=java.lang.String, declaredAnnotations=[]}, Parameter{index=1, type=java.lang.String, declaredAnnotations=[]}, Parameter{index=2, type=java.lang.String, declaredAnnotations=[]}, Parameter{index=3, type=java.lang.String, declaredAnnotations=[]}])
Arguments: [(java.lang.String)Dave,(java.lang.String)Smith,(java.lang.String)A234wd,(java.lang.String)Customer added successfully,(java.lang.String)Y]">
      <![CDATA[org.testng.internal.reflect.MethodMatcherException: 
Data provider mismatch
Method: addCustomer([Parameter{index=0, type=java.lang.String, declaredAnnotations=[]}, Parameter{index=1, type=java.lang.String, declaredAnnotations=[]}, Parameter{index=2, type=java.lang.String, declaredAnnotations=[]}, Parameter{index=3, type=java.lang.String, declaredAnnotations=[]}])
Arguments: [(java.lang.String)Dave,(java.lang.String)Smith,(java.lang.String)A234wd,(java.lang.String)Customer added successfully,(java.lang.String)Y]
... Removed 20 stack frames]]>
    </failure>
  </testcase> <!-- addCustomer -->
</testsuite> <!-- Add Customer Test -->
