<?xml version="1.0" encoding="UTF-8"?>
<testng-results ignored="0" total="1" passed="1" failed="0" skipped="0">
  <reporter-output>
  </reporter-output>
  <suite started-at="2020-06-03T20:47:59Z" name="Data Driven Example" finished-at="2020-06-03T20:48:03Z" duration-ms="4138">
    <groups>
    </groups>
    <test started-at="2020-06-03T20:47:59Z" name="LoginTest" finished-at="2020-06-03T20:48:03Z" duration-ms="4138">
      <class name="com.martin.testcases.LoginTest">
        <test-method is-config="true" signature="setUp()[pri:0, instance:com.martin.testcases.LoginTest@1e097d59]" started-at="2020-06-03T21:47:54Z" name="setUp" finished-at="2020-06-03T21:47:59Z" duration-ms="4905" status="PASS">
          <reporter-output>
          </reporter-output>
        </test-method> <!-- setUp -->
        <test-method signature="loginAsBankManager()[pri:0, instance:com.martin.testcases.LoginTest@1e097d59]" started-at="2020-06-03T21:47:59Z" name="loginAsBankManager" finished-at="2020-06-03T21:48:03Z" duration-ms="4121" status="PASS">
          <reporter-output>
          </reporter-output>
        </test-method> <!-- loginAsBankManager -->
        <test-method is-config="true" signature="tearDown()[pri:0, instance:com.martin.testcases.LoginTest@1e097d59]" started-at="2020-06-03T21:48:04Z" name="tearDown" finished-at="2020-06-03T21:48:04Z" duration-ms="813" status="PASS">
          <reporter-output>
          </reporter-output>
        </test-method> <!-- tearDown -->
      </class> <!-- com.martin.testcases.LoginTest -->
    </test> <!-- LoginTest -->
  </suite> <!-- Data Driven Example -->
</testng-results>
