<?xml version="1.0" encoding="UTF-8"?>
<testng-results ignored="0" total="1" passed="1" failed="0" skipped="0">
  <reporter-output>
  </reporter-output>
  <suite started-at="2020-06-03T20:25:44Z" name="Data Driven Example" finished-at="2020-06-03T20:25:47Z" duration-ms="2507">
    <groups>
    </groups>
    <test started-at="2020-06-03T20:25:44Z" name="LoginTest" finished-at="2020-06-03T20:25:47Z" duration-ms="2507">
      <class name="com.martin.testcases.LoginTest">
        <test-method is-config="true" signature="setUp()[pri:0, instance:com.martin.testcases.LoginTest@4b23c30a]" started-at="2020-06-03T21:25:40Z" name="setUp" finished-at="2020-06-03T21:25:44Z" duration-ms="4490" status="PASS">
          <reporter-output>
          </reporter-output>
        </test-method> <!-- setUp -->
        <test-method signature="loginAsBankManager()[pri:0, instance:com.martin.testcases.LoginTest@4b23c30a]" started-at="2020-06-03T21:25:44Z" name="loginAsBankManager" finished-at="2020-06-03T21:25:47Z" duration-ms="2491" status="PASS">
          <reporter-output>
          </reporter-output>
        </test-method> <!-- loginAsBankManager -->
        <test-method is-config="true" signature="tearDown()[pri:0, instance:com.martin.testcases.LoginTest@4b23c30a]" started-at="2020-06-03T21:25:47Z" name="tearDown" finished-at="2020-06-03T21:25:48Z" duration-ms="791" status="PASS">
          <reporter-output>
          </reporter-output>
        </test-method> <!-- tearDown -->
      </class> <!-- com.martin.testcases.LoginTest -->
    </test> <!-- LoginTest -->
  </suite> <!-- Data Driven Example -->
</testng-results>
